<?xml version="1.0" encoding="UTF-8"?>
<!-- Generated by org.testng.reporters.JUnitReportReporter -->
<testsuite skipped="0" hostname="Nitin-PC" name="com.ptms.loginPage.VerifyLoginCredentails" tests="1" failures="0" timestamp="11 Oct 2017 11:16:09 GMT" time="23.472" errors="0">
  <testcase name="testLoginCredentails" time="23.472" classname="com.ptms.loginPage.VerifyLoginCredentails"/>
</testsuite> <!-- com.ptms.loginPage.VerifyLoginCredentails -->
